app/build/intermediates/manifest_merge_blame_file/release/processReleaseMainManifest/manifest-merger-blame-release-report.txt
1<?xml version="1.0" encoding="utf-8"?>
2<manifest xmlns:android="http://schemas.android.com/apk/res/android"
3    package="app.meshhop.android"
4    android:versionCode="1"
5    android:versionName="0.1.0" >
6
7    <uses-sdk
8        android:minSdkVersion="26"
9        android:targetSdkVersion="36" />
10
11    <!-- Radio transports -->
12    <uses-permission android:name="android.permission.BLUETOOTH_SCAN" />
12-->src/main/AndroidManifest.xml:5:5-73
12-->src/main/AndroidManifest.xml:5:22-70
13    <uses-permission android:name="android.permission.BLUETOOTH_CONNECT" />
13-->src/main/AndroidManifest.xml:6:5-76
13-->src/main/AndroidManifest.xml:6:22-73
14    <uses-permission android:name="android.permission.INTERNET" /> <!-- Wi-Fi radios + optional backup only -->
14-->src/main/AndroidManifest.xml:7:5-67
14-->src/main/AndroidManifest.xml:7:22-64
15
16
17    <!-- Foreground service keeps the radio session alive (06 §6) -->
18    <uses-permission android:name="android.permission.FOREGROUND_SERVICE" />
18-->src/main/AndroidManifest.xml:10:5-77
18-->src/main/AndroidManifest.xml:10:22-74
19    <uses-permission android:name="android.permission.FOREGROUND_SERVICE_CONNECTED_DEVICE" />
19-->src/main/AndroidManifest.xml:11:5-94
19-->src/main/AndroidManifest.xml:11:22-91
20    <uses-permission android:name="android.permission.POST_NOTIFICATIONS" />
20-->src/main/AndroidManifest.xml:12:5-77
20-->src/main/AndroidManifest.xml:12:22-74
21    <uses-permission android:name="android.permission.RECEIVE_BOOT_COMPLETED" />
21-->src/main/AndroidManifest.xml:13:5-81
21-->src/main/AndroidManifest.xml:13:22-78
22
23    <permission
23-->[androidx.core:core:1.15.0] AndroidManifest.xml:22:5-24:47
24        android:name="app.meshhop.android.DYNAMIC_RECEIVER_NOT_EXPORTED_PERMISSION"
24-->[androidx.core:core:1.15.0] AndroidManifest.xml:23:9-81
25        android:protectionLevel="signature" />
25-->[androidx.core:core:1.15.0] AndroidManifest.xml:24:9-44
26
27    <uses-permission android:name="app.meshhop.android.DYNAMIC_RECEIVER_NOT_EXPORTED_PERMISSION" />
27-->[androidx.core:core:1.15.0] AndroidManifest.xml:26:5-97
27-->[androidx.core:core:1.15.0] AndroidManifest.xml:26:22-94
28
29    <application
29-->src/main/AndroidManifest.xml:15:5-45:19
30        android:name="app.meshhop.android.MeshHopApp"
30-->src/main/AndroidManifest.xml:16:9-35
31        android:allowBackup="false"
31-->src/main/AndroidManifest.xml:17:9-36
32        android:appComponentFactory="androidx.core.app.CoreComponentFactory"
32-->[androidx.core:core:1.15.0] AndroidManifest.xml:28:18-86
33        android:extractNativeLibs="false"
34        android:icon="@mipmap/ic_launcher"
34-->src/main/AndroidManifest.xml:18:9-43
35        android:label="@string/app_name"
35-->src/main/AndroidManifest.xml:19:9-41
36        android:supportsRtl="true"
36-->src/main/AndroidManifest.xml:20:9-35
37        android:theme="@style/Theme.MeshHop" >
37-->src/main/AndroidManifest.xml:21:9-45
38        <activity
38-->src/main/AndroidManifest.xml:23:9-31:20
39            android:name="app.meshhop.android.MainActivity"
39-->src/main/AndroidManifest.xml:24:13-41
40            android:exported="true"
40-->src/main/AndroidManifest.xml:25:13-36
41            android:windowSoftInputMode="adjustResize" >
41-->src/main/AndroidManifest.xml:26:13-55
42            <intent-filter>
42-->src/main/AndroidManifest.xml:27:13-30:29
43                <action android:name="android.intent.action.MAIN" />
43-->src/main/AndroidManifest.xml:28:17-69
43-->src/main/AndroidManifest.xml:28:25-66
44
45                <category android:name="android.intent.category.LAUNCHER" />
45-->src/main/AndroidManifest.xml:29:17-77
45-->src/main/AndroidManifest.xml:29:27-74
46            </intent-filter>
47        </activity>
48
49        <service
49-->src/main/AndroidManifest.xml:33:9-36:63
50            android:name="app.meshhop.android.RadioConnectionService"
50-->src/main/AndroidManifest.xml:34:13-51
51            android:exported="false"
51-->src/main/AndroidManifest.xml:35:13-37
52            android:foregroundServiceType="connectedDevice" />
52-->src/main/AndroidManifest.xml:36:13-60
53
54        <receiver
54-->src/main/AndroidManifest.xml:38:9-44:20
55            android:name="app.meshhop.android.BootReceiver"
55-->src/main/AndroidManifest.xml:39:13-41
56            android:exported="false" >
56-->src/main/AndroidManifest.xml:40:13-37
57            <intent-filter>
57-->src/main/AndroidManifest.xml:41:13-43:29
58                <action android:name="android.intent.action.BOOT_COMPLETED" />
58-->src/main/AndroidManifest.xml:42:17-79
58-->src/main/AndroidManifest.xml:42:25-76
59            </intent-filter>
60        </receiver>
61
62        <provider
62-->[androidx.emoji2:emoji2:1.4.0] AndroidManifest.xml:24:9-32:20
63            android:name="androidx.startup.InitializationProvider"
63-->[androidx.emoji2:emoji2:1.4.0] AndroidManifest.xml:25:13-67
64            android:authorities="app.meshhop.android.androidx-startup"
64-->[androidx.emoji2:emoji2:1.4.0] AndroidManifest.xml:26:13-68
65            android:exported="false" >
65-->[androidx.emoji2:emoji2:1.4.0] AndroidManifest.xml:27:13-37
66            <meta-data
66-->[androidx.emoji2:emoji2:1.4.0] AndroidManifest.xml:29:13-31:52
67                android:name="androidx.emoji2.text.EmojiCompatInitializer"
67-->[androidx.emoji2:emoji2:1.4.0] AndroidManifest.xml:30:17-75
68                android:value="androidx.startup" />
68-->[androidx.emoji2:emoji2:1.4.0] AndroidManifest.xml:31:17-49
69            <meta-data
69-->[androidx.lifecycle:lifecycle-process:2.9.4] AndroidManifest.xml:29:13-31:52
70                android:name="androidx.lifecycle.ProcessLifecycleInitializer"
70-->[androidx.lifecycle:lifecycle-process:2.9.4] AndroidManifest.xml:30:17-78
71                android:value="androidx.startup" />
71-->[androidx.lifecycle:lifecycle-process:2.9.4] AndroidManifest.xml:31:17-49
72            <meta-data
72-->[androidx.profileinstaller:profileinstaller:1.4.0] AndroidManifest.xml:29:13-31:52
73                android:name="androidx.profileinstaller.ProfileInstallerInitializer"
73-->[androidx.profileinstaller:profileinstaller:1.4.0] AndroidManifest.xml:30:17-85
74                android:value="androidx.startup" />
74-->[androidx.profileinstaller:profileinstaller:1.4.0] AndroidManifest.xml:31:17-49
75        </provider>
76
77        <service
77-->[androidx.room:room-runtime-android:2.8.5] AndroidManifest.xml:24:9-28:63
78            android:name="androidx.room.MultiInstanceInvalidationService"
78-->[androidx.room:room-runtime-android:2.8.5] AndroidManifest.xml:25:13-74
79            android:directBootAware="true"
79-->[androidx.room:room-runtime-android:2.8.5] AndroidManifest.xml:26:13-43
80            android:exported="false" />
80-->[androidx.room:room-runtime-android:2.8.5] AndroidManifest.xml:27:13-37
81
82        <receiver
82-->[androidx.profileinstaller:profileinstaller:1.4.0] AndroidManifest.xml:34:9-52:20
83            android:name="androidx.profileinstaller.ProfileInstallReceiver"
83-->[androidx.profileinstaller:profileinstaller:1.4.0] AndroidManifest.xml:35:13-76
84            android:directBootAware="false"
84-->[androidx.profileinstaller:profileinstaller:1.4.0] AndroidManifest.xml:36:13-44
85            android:enabled="true"
85-->[androidx.profileinstaller:profileinstaller:1.4.0] AndroidManifest.xml:37:13-35
86            android:exported="true"
86-->[androidx.profileinstaller:profileinstaller:1.4.0] AndroidManifest.xml:38:13-36
87            android:permission="android.permission.DUMP" >
87-->[androidx.profileinstaller:profileinstaller:1.4.0] AndroidManifest.xml:39:13-57
88            <intent-filter>
88-->[androidx.profileinstaller:profileinstaller:1.4.0] AndroidManifest.xml:40:13-42:29
89                <action android:name="androidx.profileinstaller.action.INSTALL_PROFILE" />
89-->[androidx.profileinstaller:profileinstaller:1.4.0] AndroidManifest.xml:41:17-91
89-->[androidx.profileinstaller:profileinstaller:1.4.0] AndroidManifest.xml:41:25-88
90            </intent-filter>
91            <intent-filter>
91-->[androidx.profileinstaller:profileinstaller:1.4.0] AndroidManifest.xml:43:13-45:29
92                <action android:name="androidx.profileinstaller.action.SKIP_FILE" />
92-->[androidx.profileinstaller:profileinstaller:1.4.0] AndroidManifest.xml:44:17-85
92-->[androidx.profileinstaller:profileinstaller:1.4.0] AndroidManifest.xml:44:25-82
93            </intent-filter>
94            <intent-filter>
94-->[androidx.profileinstaller:profileinstaller:1.4.0] AndroidManifest.xml:46:13-48:29
95                <action android:name="androidx.profileinstaller.action.SAVE_PROFILE" />
95-->[androidx.profileinstaller:profileinstaller:1.4.0] AndroidManifest.xml:47:17-88
95-->[androidx.profileinstaller:profileinstaller:1.4.0] AndroidManifest.xml:47:25-85
96            </intent-filter>
97            <intent-filter>
97-->[androidx.profileinstaller:profileinstaller:1.4.0] AndroidManifest.xml:49:13-51:29
98                <action android:name="androidx.profileinstaller.action.BENCHMARK_OPERATION" />
98-->[androidx.profileinstaller:profileinstaller:1.4.0] AndroidManifest.xml:50:17-95
98-->[androidx.profileinstaller:profileinstaller:1.4.0] AndroidManifest.xml:50:25-92
99            </intent-filter>
100        </receiver>
101    </application>
102
103</manifest>